<?xml version="1.0" encoding="UTF-8"?>
<testng-results skipped="0" failed="0" ignored="0" total="1" passed="1">
  <reporter-output>
  </reporter-output>
  <suite name="Default suite" duration-ms="18191" started-at="2020-01-14T11:01:42Z" finished-at="2020-01-14T11:02:00Z">
    <groups>
    </groups>
    <test name="Default test" duration-ms="18191" started-at="2020-01-14T11:01:42Z" finished-at="2020-01-14T11:02:00Z">
      <class name="myTextNGPackage.griddemo">
        <test-method status="PASS" signature="verifylogin()[pri:0, instance:myTextNGPackage.griddemo@9629756]" name="verifylogin" duration-ms="18161" started-at="2020-01-14T11:01:42Z" finished-at="2020-01-14T11:02:00Z">
          <reporter-output>
          </reporter-output>
        </test-method> <!-- verifylogin -->
      </class> <!-- myTextNGPackage.griddemo -->
    </test> <!-- Default test -->
  </suite> <!-- Default suite -->
</testng-results>
