<?xml version="1.0" encoding="UTF-8"?>
<!-- Generated by org.testng.reporters.JUnitXMLReporter -->
<testsuite hostname="IBM-Testing01" ignored="0" name="Test" tests="8" failures="0" timestamp="08 Jan 2020 08:08:48 GMT" time="0.068" errors="0">
  <testcase name="test1" time="0.015" classname="listenerdemosuite.Paralleldemo1"/>
  <testcase name="test2" time="0.0" classname="listenerdemosuite.Paralleldemo1"/>
  <testcase name="test3" time="0.0" classname="listenerdemosuite.Paralleldemo1"/>
  <testcase name="test4" time="0.0" classname="listenerdemosuite.Paralleldemo1"/>
  <testcase name="test1" time="0.0" classname="listenerdemosuite.Paralleldemo2"/>
  <testcase name="test2" time="0.0" classname="listenerdemosuite.Paralleldemo2"/>
  <testcase name="test3" time="0.0" classname="listenerdemosuite.Paralleldemo2"/>
  <testcase name="test4" time="0.0" classname="listenerdemosuite.Paralleldemo2"/>
</testsuite> <!-- Test -->
